2024-10-29 13:24:42,293 DEBUG    root            Loaded Command Group: ['gcloud', 'components']
2024-10-29 13:24:42,297 DEBUG    root            Loaded Command Group: ['gcloud', 'components', 'update']
2024-10-29 13:24:42,301 DEBUG    root            Running [gcloud.components.update] with arguments: [--compile-python: "True", --quiet: "True", COMPONENT-IDS:6: "['core', 'gcloud-deps', 'bq', 'gcloud', 'gcloud-crc32c', 'gsutil']"]
2024-10-29 13:24:42,302 INFO     ___FILE_ONLY___ Beginning update. This process may take several minutes.

2024-10-29 13:24:42,335 DEBUG    urllib3.connectionpool Starting new HTTPS connection (1): dl.google.com:443
2024-10-29 13:24:42,412 DEBUG    urllib3.connectionpool https://dl.google.com:443 "GET /dl/cloudsdk/channels/rapid/components-2.json HTTP/1.1" 200 226997
2024-10-29 13:24:42,433 INFO     ___FILE_ONLY___ 

2024-10-29 13:24:42,434 INFO     ___FILE_ONLY___ 
Your current Google Cloud CLI version is: 498.0.0

2024-10-29 13:24:42,434 INFO     ___FILE_ONLY___ Installing components from version: 498.0.0

2024-10-29 13:24:42,434 INFO     ___FILE_ONLY___ 

2024-10-29 13:24:42,434 DEBUG    root            Chosen display Format:table[box,title="These components will be removed."](details.display_name:label=Name:align=left,version.version_string:label=Version:align=right,data.size.size(zero="",min=1048576):label=Size:align=right)
2024-10-29 13:24:42,435 DEBUG    root            Chosen display Format:table[box,title="These components will be updated."](details.display_name:label=Name:align=left,version.version_string:label=Version:align=right,data.size.size(zero="",min=1048576):label=Size:align=right)
2024-10-29 13:24:42,436 DEBUG    root            Chosen display Format:table[box,title="These components will be installed."](details.display_name:label=Name:align=left,version.version_string:label=Version:align=right,data.size.size(zero="",min=1048576):label=Size:align=right)
2024-10-29 13:24:42,483 INFO     ___FILE_ONLY___ ┌─────────────────────────────────────────────────────────────────────────────┐
2024-10-29 13:24:42,484 INFO     ___FILE_ONLY___ 

2024-10-29 13:24:42,484 INFO     ___FILE_ONLY___ │                     These components will be installed.                     │
2024-10-29 13:24:42,484 INFO     ___FILE_ONLY___ 

2024-10-29 13:24:42,484 INFO     ___FILE_ONLY___ ├─────────────────────────────────────────────────────┬────────────┬──────────┤
2024-10-29 13:24:42,484 INFO     ___FILE_ONLY___ 

2024-10-29 13:24:42,484 INFO     ___FILE_ONLY___ │                         Name                        │  Version   │   Size   │
2024-10-29 13:24:42,484 INFO     ___FILE_ONLY___ 

2024-10-29 13:24:42,484 INFO     ___FILE_ONLY___ ├─────────────────────────────────────────────────────┼────────────┼──────────┤
2024-10-29 13:24:42,484 INFO     ___FILE_ONLY___ 

2024-10-29 13:24:42,484 INFO     ___FILE_ONLY___ │ 
2024-10-29 13:24:42,484 INFO     ___FILE_ONLY___ BigQuery Command Line Tool                         
2024-10-29 13:24:42,484 INFO     ___FILE_ONLY___  
2024-10-29 13:24:42,484 INFO     ___FILE_ONLY___ │ 
2024-10-29 13:24:42,485 INFO     ___FILE_ONLY___      2.1.9
2024-10-29 13:24:42,485 INFO     ___FILE_ONLY___  
2024-10-29 13:24:42,485 INFO     ___FILE_ONLY___ │ 
2024-10-29 13:24:42,485 INFO     ___FILE_ONLY___  1.7 MiB
2024-10-29 13:24:42,485 INFO     ___FILE_ONLY___  
2024-10-29 13:24:42,485 INFO     ___FILE_ONLY___ │
2024-10-29 13:24:42,485 INFO     ___FILE_ONLY___ 

2024-10-29 13:24:42,485 INFO     ___FILE_ONLY___ │ 
2024-10-29 13:24:42,485 INFO     ___FILE_ONLY___ BigQuery Command Line Tool (Platform Specific)     
2024-10-29 13:24:42,485 INFO     ___FILE_ONLY___  
2024-10-29 13:24:42,485 INFO     ___FILE_ONLY___ │ 
2024-10-29 13:24:42,485 INFO     ___FILE_ONLY___      2.1.8
2024-10-29 13:24:42,485 INFO     ___FILE_ONLY___  
2024-10-29 13:24:42,486 INFO     ___FILE_ONLY___ │ 
2024-10-29 13:24:42,486 INFO     ___FILE_ONLY___  < 1 MiB
2024-10-29 13:24:42,486 INFO     ___FILE_ONLY___  
2024-10-29 13:24:42,486 INFO     ___FILE_ONLY___ │
2024-10-29 13:24:42,486 INFO     ___FILE_ONLY___ 

2024-10-29 13:24:42,486 INFO     ___FILE_ONLY___ │ 
2024-10-29 13:24:42,486 INFO     ___FILE_ONLY___ Bundled Python 3.11 (Platform Specific)            
2024-10-29 13:24:42,486 INFO     ___FILE_ONLY___  
2024-10-29 13:24:42,486 INFO     ___FILE_ONLY___ │ 
2024-10-29 13:24:42,486 INFO     ___FILE_ONLY___     3.11.9
2024-10-29 13:24:42,486 INFO     ___FILE_ONLY___  
2024-10-29 13:24:42,486 INFO     ___FILE_ONLY___ │ 
2024-10-29 13:24:42,486 INFO     ___FILE_ONLY___ 74.4 MiB
2024-10-29 13:24:42,486 INFO     ___FILE_ONLY___  
2024-10-29 13:24:42,487 INFO     ___FILE_ONLY___ │
2024-10-29 13:24:42,487 INFO     ___FILE_ONLY___ 

2024-10-29 13:24:42,487 INFO     ___FILE_ONLY___ │ 
2024-10-29 13:24:42,487 INFO     ___FILE_ONLY___ Cloud Storage Command Line Tool                    
2024-10-29 13:24:42,487 INFO     ___FILE_ONLY___  
2024-10-29 13:24:42,487 INFO     ___FILE_ONLY___ │ 
2024-10-29 13:24:42,487 INFO     ___FILE_ONLY___       5.31
2024-10-29 13:24:42,487 INFO     ___FILE_ONLY___  
2024-10-29 13:24:42,487 INFO     ___FILE_ONLY___ │ 
2024-10-29 13:24:42,487 INFO     ___FILE_ONLY___ 11.3 MiB
2024-10-29 13:24:42,487 INFO     ___FILE_ONLY___  
2024-10-29 13:24:42,487 INFO     ___FILE_ONLY___ │
2024-10-29 13:24:42,487 INFO     ___FILE_ONLY___ 

2024-10-29 13:24:42,487 INFO     ___FILE_ONLY___ │ 
2024-10-29 13:24:42,488 INFO     ___FILE_ONLY___ Cloud Storage Command Line Tool (Platform Specific)
2024-10-29 13:24:42,488 INFO     ___FILE_ONLY___  
2024-10-29 13:24:42,488 INFO     ___FILE_ONLY___ │ 
2024-10-29 13:24:42,488 INFO     ___FILE_ONLY___       5.30
2024-10-29 13:24:42,488 INFO     ___FILE_ONLY___  
2024-10-29 13:24:42,488 INFO     ___FILE_ONLY___ │ 
2024-10-29 13:24:42,488 INFO     ___FILE_ONLY___  < 1 MiB
2024-10-29 13:24:42,488 INFO     ___FILE_ONLY___  
2024-10-29 13:24:42,488 INFO     ___FILE_ONLY___ │
2024-10-29 13:24:42,488 INFO     ___FILE_ONLY___ 

2024-10-29 13:24:42,488 INFO     ___FILE_ONLY___ │ 
2024-10-29 13:24:42,488 INFO     ___FILE_ONLY___ Google Cloud CLI Core Libraries (Platform Specific)
2024-10-29 13:24:42,488 INFO     ___FILE_ONLY___  
2024-10-29 13:24:42,488 INFO     ___FILE_ONLY___ │ 
2024-10-29 13:24:42,489 INFO     ___FILE_ONLY___ 2024.08.30
2024-10-29 13:24:42,489 INFO     ___FILE_ONLY___  
2024-10-29 13:24:42,489 INFO     ___FILE_ONLY___ │ 
2024-10-29 13:24:42,489 INFO     ___FILE_ONLY___  < 1 MiB
2024-10-29 13:24:42,489 INFO     ___FILE_ONLY___  
2024-10-29 13:24:42,489 INFO     ___FILE_ONLY___ │
2024-10-29 13:24:42,489 INFO     ___FILE_ONLY___ 

2024-10-29 13:24:42,489 INFO     ___FILE_ONLY___ │ 
2024-10-29 13:24:42,489 INFO     ___FILE_ONLY___ Google Cloud CRC32C Hash Tool (Platform Specific)  
2024-10-29 13:24:42,489 INFO     ___FILE_ONLY___  
2024-10-29 13:24:42,489 INFO     ___FILE_ONLY___ │ 
2024-10-29 13:24:42,489 INFO     ___FILE_ONLY___      1.0.0
2024-10-29 13:24:42,489 INFO     ___FILE_ONLY___  
2024-10-29 13:24:42,490 INFO     ___FILE_ONLY___ │ 
2024-10-29 13:24:42,490 INFO     ___FILE_ONLY___  1.3 MiB
2024-10-29 13:24:42,490 INFO     ___FILE_ONLY___  
2024-10-29 13:24:42,490 INFO     ___FILE_ONLY___ │
2024-10-29 13:24:42,490 INFO     ___FILE_ONLY___ 

2024-10-29 13:24:42,490 INFO     ___FILE_ONLY___ │ 
2024-10-29 13:24:42,490 INFO     ___FILE_ONLY___ gcloud cli dependencies (Platform Specific)        
2024-10-29 13:24:42,490 INFO     ___FILE_ONLY___  
2024-10-29 13:24:42,490 INFO     ___FILE_ONLY___ │ 
2024-10-29 13:24:42,490 INFO     ___FILE_ONLY___ 2021.04.16
2024-10-29 13:24:42,490 INFO     ___FILE_ONLY___  
2024-10-29 13:24:42,490 INFO     ___FILE_ONLY___ │ 
2024-10-29 13:24:42,490 INFO     ___FILE_ONLY___  < 1 MiB
2024-10-29 13:24:42,490 INFO     ___FILE_ONLY___  
2024-10-29 13:24:42,491 INFO     ___FILE_ONLY___ │
2024-10-29 13:24:42,491 INFO     ___FILE_ONLY___ 

2024-10-29 13:24:42,491 INFO     ___FILE_ONLY___ └─────────────────────────────────────────────────────┴────────────┴──────────┘
2024-10-29 13:24:42,491 INFO     ___FILE_ONLY___ 

2024-10-29 13:24:42,491 INFO     ___FILE_ONLY___ 

2024-10-29 13:24:42,494 DEBUG    urllib3.connectionpool Starting new HTTPS connection (1): dl.google.com:443
2024-10-29 13:24:42,573 DEBUG    urllib3.connectionpool https://dl.google.com:443 "GET /dl/cloudsdk/channels/rapid/RELEASE_NOTES HTTP/1.1" 200 1298799
2024-10-29 13:24:42,698 INFO     ___FILE_ONLY___ For the latest full release notes, please visit:
  https://cloud.google.com/sdk/release_notes


2024-10-29 13:24:42,698 INFO     ___FILE_ONLY___ Performing in place update...


2024-10-29 13:24:42,700 INFO     ___FILE_ONLY___ ╔════════════════════════════════════════════════════════════╗

2024-10-29 13:24:42,701 INFO     ___FILE_ONLY___ ╠═ Downloading: BigQuery Command Line Tool                  ═╣

2024-10-29 13:24:42,701 INFO     ___FILE_ONLY___ ╚
2024-10-29 13:24:42,704 DEBUG    urllib3.connectionpool Starting new HTTPS connection (1): dl.google.com:443
2024-10-29 13:24:42,783 DEBUG    urllib3.connectionpool https://dl.google.com:443 "GET /dl/cloudsdk/channels/rapid/components/google-cloud-sdk-bq-20241011151610.tar.gz HTTP/1.1" 200 1831026
2024-10-29 13:24:42,854 INFO     ___FILE_ONLY___ ═
2024-10-29 13:24:42,854 INFO     ___FILE_ONLY___ ═
2024-10-29 13:24:42,855 INFO     ___FILE_ONLY___ ═
2024-10-29 13:24:42,855 INFO     ___FILE_ONLY___ ═
2024-10-29 13:24:42,855 INFO     ___FILE_ONLY___ ═
2024-10-29 13:24:42,855 INFO     ___FILE_ONLY___ ═
2024-10-29 13:24:42,855 INFO     ___FILE_ONLY___ ═
2024-10-29 13:24:42,855 INFO     ___FILE_ONLY___ ═
2024-10-29 13:24:42,855 INFO     ___FILE_ONLY___ ═
2024-10-29 13:24:42,855 INFO     ___FILE_ONLY___ ═
2024-10-29 13:24:42,856 INFO     ___FILE_ONLY___ ═
2024-10-29 13:24:42,856 INFO     ___FILE_ONLY___ ═
2024-10-29 13:24:42,856 INFO     ___FILE_ONLY___ ═
2024-10-29 13:24:42,856 INFO     ___FILE_ONLY___ ═
2024-10-29 13:24:42,856 INFO     ___FILE_ONLY___ ═
2024-10-29 13:24:42,856 INFO     ___FILE_ONLY___ ═
2024-10-29 13:24:42,856 INFO     ___FILE_ONLY___ ═
2024-10-29 13:24:42,856 INFO     ___FILE_ONLY___ ═
2024-10-29 13:24:42,856 INFO     ___FILE_ONLY___ ═
2024-10-29 13:24:42,857 INFO     ___FILE_ONLY___ ═
2024-10-29 13:24:42,857 INFO     ___FILE_ONLY___ ═
2024-10-29 13:24:42,857 INFO     ___FILE_ONLY___ ═
2024-10-29 13:24:42,857 INFO     ___FILE_ONLY___ ═
2024-10-29 13:24:42,857 INFO     ___FILE_ONLY___ ═
2024-10-29 13:24:42,857 INFO     ___FILE_ONLY___ ═
2024-10-29 13:24:42,857 INFO     ___FILE_ONLY___ ═
2024-10-29 13:24:42,857 INFO     ___FILE_ONLY___ ═
2024-10-29 13:24:42,858 INFO     ___FILE_ONLY___ ═
2024-10-29 13:24:42,858 INFO     ___FILE_ONLY___ ═
2024-10-29 13:24:42,858 INFO     ___FILE_ONLY___ ═
2024-10-29 13:24:42,858 INFO     ___FILE_ONLY___ ═
2024-10-29 13:24:42,858 INFO     ___FILE_ONLY___ ═
2024-10-29 13:24:42,858 INFO     ___FILE_ONLY___ ═
2024-10-29 13:24:42,858 INFO     ___FILE_ONLY___ ═
2024-10-29 13:24:42,858 INFO     ___FILE_ONLY___ ═
2024-10-29 13:24:42,859 INFO     ___FILE_ONLY___ ═
2024-10-29 13:24:42,859 INFO     ___FILE_ONLY___ ═
2024-10-29 13:24:42,859 INFO     ___FILE_ONLY___ ═
2024-10-29 13:24:42,859 INFO     ___FILE_ONLY___ ═
2024-10-29 13:24:42,859 INFO     ___FILE_ONLY___ ═
2024-10-29 13:24:42,859 INFO     ___FILE_ONLY___ ═
2024-10-29 13:24:42,859 INFO     ___FILE_ONLY___ ═
2024-10-29 13:24:42,859 INFO     ___FILE_ONLY___ ═
2024-10-29 13:24:42,860 INFO     ___FILE_ONLY___ ═
2024-10-29 13:24:42,860 INFO     ___FILE_ONLY___ ═
2024-10-29 13:24:42,860 INFO     ___FILE_ONLY___ ═
2024-10-29 13:24:42,860 INFO     ___FILE_ONLY___ ═
2024-10-29 13:24:42,860 INFO     ___FILE_ONLY___ ═
2024-10-29 13:24:42,860 INFO     ___FILE_ONLY___ ═
2024-10-29 13:24:42,860 INFO     ___FILE_ONLY___ ═
2024-10-29 13:24:42,860 INFO     ___FILE_ONLY___ ═
2024-10-29 13:24:42,861 INFO     ___FILE_ONLY___ ═
2024-10-29 13:24:42,861 INFO     ___FILE_ONLY___ ═
2024-10-29 13:24:42,861 INFO     ___FILE_ONLY___ ═
2024-10-29 13:24:42,861 INFO     ___FILE_ONLY___ ═
2024-10-29 13:24:42,861 INFO     ___FILE_ONLY___ ═
2024-10-29 13:24:42,861 INFO     ___FILE_ONLY___ ═
2024-10-29 13:24:42,861 INFO     ___FILE_ONLY___ ═
2024-10-29 13:24:42,861 INFO     ___FILE_ONLY___ ═
2024-10-29 13:24:42,861 INFO     ___FILE_ONLY___ ═
2024-10-29 13:24:42,862 INFO     ___FILE_ONLY___ ╝

2024-10-29 13:24:42,864 INFO     ___FILE_ONLY___ ╔════════════════════════════════════════════════════════════╗

2024-10-29 13:24:42,864 INFO     ___FILE_ONLY___ ╠═ Downloading: BigQuery Command Line Tool (Platform Spe... ═╣

2024-10-29 13:24:42,864 INFO     ___FILE_ONLY___ ╚
2024-10-29 13:24:42,868 DEBUG    urllib3.connectionpool Starting new HTTPS connection (1): dl.google.com:443
2024-10-29 13:24:42,942 DEBUG    urllib3.connectionpool https://dl.google.com:443 "GET /dl/cloudsdk/channels/rapid/components/google-cloud-sdk-bq-nix-20240830134514.tar.gz HTTP/1.1" 200 1914
2024-10-29 13:24:42,943 INFO     ___FILE_ONLY___ ════════════════════════════════════════════════════════════
2024-10-29 13:24:42,943 INFO     ___FILE_ONLY___ ╝

2024-10-29 13:24:42,946 INFO     ___FILE_ONLY___ ╔════════════════════════════════════════════════════════════╗

2024-10-29 13:24:42,946 INFO     ___FILE_ONLY___ ╠═ Downloading: Bundled Python 3.11                         ═╣

2024-10-29 13:24:42,946 INFO     ___FILE_ONLY___ ╚
2024-10-29 13:24:42,946 INFO     ___FILE_ONLY___ ════════════════════════════════════════════════════════════
2024-10-29 13:24:42,946 INFO     ___FILE_ONLY___ ╝

2024-10-29 13:24:42,948 INFO     ___FILE_ONLY___ ╔════════════════════════════════════════════════════════════╗

2024-10-29 13:24:42,948 INFO     ___FILE_ONLY___ ╠═ Downloading: Bundled Python 3.11 (Platform Specific)     ═╣

2024-10-29 13:24:42,948 INFO     ___FILE_ONLY___ ╚
2024-10-29 13:24:42,952 DEBUG    urllib3.connectionpool Starting new HTTPS connection (1): dl.google.com:443
2024-10-29 13:24:43,030 DEBUG    urllib3.connectionpool https://dl.google.com:443 "GET /dl/cloudsdk/channels/rapid/components/google-cloud-sdk-bundled-python3-unix-linux-x86_64-20240920144119.tar.gz HTTP/1.1" 200 78001783
2024-10-29 13:24:43,566 INFO     ___FILE_ONLY___ ═
2024-10-29 13:24:43,568 INFO     ___FILE_ONLY___ ═
2024-10-29 13:24:43,570 INFO     ___FILE_ONLY___ ═
2024-10-29 13:24:43,572 INFO     ___FILE_ONLY___ ═
2024-10-29 13:24:43,574 INFO     ___FILE_ONLY___ ═
2024-10-29 13:24:43,576 INFO     ___FILE_ONLY___ ═
2024-10-29 13:24:43,577 INFO     ___FILE_ONLY___ ═
2024-10-29 13:24:43,579 INFO     ___FILE_ONLY___ ═
2024-10-29 13:24:43,581 INFO     ___FILE_ONLY___ ═
2024-10-29 13:24:43,583 INFO     ___FILE_ONLY___ ═
2024-10-29 13:24:43,585 INFO     ___FILE_ONLY___ ═
2024-10-29 13:24:43,587 INFO     ___FILE_ONLY___ ═
2024-10-29 13:24:43,588 INFO     ___FILE_ONLY___ ═
2024-10-29 13:24:43,590 INFO     ___FILE_ONLY___ ═
2024-10-29 13:24:43,592 INFO     ___FILE_ONLY___ ═
2024-10-29 13:24:43,594 INFO     ___FILE_ONLY___ ═
2024-10-29 13:24:43,596 INFO     ___FILE_ONLY___ ═
2024-10-29 13:24:43,598 INFO     ___FILE_ONLY___ ═
2024-10-29 13:24:43,600 INFO     ___FILE_ONLY___ ═
2024-10-29 13:24:43,601 INFO     ___FILE_ONLY___ ═
2024-10-29 13:24:43,603 INFO     ___FILE_ONLY___ ═
2024-10-29 13:24:43,605 INFO     ___FILE_ONLY___ ═
2024-10-29 13:24:43,607 INFO     ___FILE_ONLY___ ═
2024-10-29 13:24:43,609 INFO     ___FILE_ONLY___ ═
2024-10-29 13:24:43,611 INFO     ___FILE_ONLY___ ═
2024-10-29 13:24:43,612 INFO     ___FILE_ONLY___ ═
2024-10-29 13:24:43,614 INFO     ___FILE_ONLY___ ═
2024-10-29 13:24:43,616 INFO     ___FILE_ONLY___ ═
2024-10-29 13:24:43,618 INFO     ___FILE_ONLY___ ═
2024-10-29 13:24:43,620 INFO     ___FILE_ONLY___ ═
2024-10-29 13:24:43,622 INFO     ___FILE_ONLY___ ═
2024-10-29 13:24:43,624 INFO     ___FILE_ONLY___ ═
2024-10-29 13:24:43,626 INFO     ___FILE_ONLY___ ═
2024-10-29 13:24:43,627 INFO     ___FILE_ONLY___ ═
2024-10-29 13:24:43,629 INFO     ___FILE_ONLY___ ═
2024-10-29 13:24:43,631 INFO     ___FILE_ONLY___ ═
2024-10-29 13:24:43,633 INFO     ___FILE_ONLY___ ═
2024-10-29 13:24:43,635 INFO     ___FILE_ONLY___ ═
2024-10-29 13:24:43,637 INFO     ___FILE_ONLY___ ═
2024-10-29 13:24:43,638 INFO     ___FILE_ONLY___ ═
2024-10-29 13:24:43,640 INFO     ___FILE_ONLY___ ═
2024-10-29 13:24:43,642 INFO     ___FILE_ONLY___ ═
2024-10-29 13:24:43,644 INFO     ___FILE_ONLY___ ═
2024-10-29 13:24:43,646 INFO     ___FILE_ONLY___ ═
2024-10-29 13:24:43,648 INFO     ___FILE_ONLY___ ═
2024-10-29 13:24:43,649 INFO     ___FILE_ONLY___ ═
2024-10-29 13:24:43,651 INFO     ___FILE_ONLY___ ═
2024-10-29 13:24:43,653 INFO     ___FILE_ONLY___ ═
2024-10-29 13:24:43,655 INFO     ___FILE_ONLY___ ═
2024-10-29 13:24:43,657 INFO     ___FILE_ONLY___ ═
2024-10-29 13:24:43,659 INFO     ___FILE_ONLY___ ═
2024-10-29 13:24:43,661 INFO     ___FILE_ONLY___ ═
2024-10-29 13:24:43,662 INFO     ___FILE_ONLY___ ═
2024-10-29 13:24:43,664 INFO     ___FILE_ONLY___ ═
2024-10-29 13:24:43,666 INFO     ___FILE_ONLY___ ═
2024-10-29 13:24:43,668 INFO     ___FILE_ONLY___ ═
2024-10-29 13:24:43,670 INFO     ___FILE_ONLY___ ═
2024-10-29 13:24:43,671 INFO     ___FILE_ONLY___ ═
2024-10-29 13:24:43,673 INFO     ___FILE_ONLY___ ═
2024-10-29 13:24:43,675 INFO     ___FILE_ONLY___ ═
2024-10-29 13:24:43,675 INFO     ___FILE_ONLY___ ╝

2024-10-29 13:24:43,678 INFO     ___FILE_ONLY___ ╔════════════════════════════════════════════════════════════╗

2024-10-29 13:24:43,678 INFO     ___FILE_ONLY___ ╠═ Downloading: Cloud Storage Command Line Tool             ═╣

2024-10-29 13:24:43,678 INFO     ___FILE_ONLY___ ╚
2024-10-29 13:24:43,688 DEBUG    urllib3.connectionpool Starting new HTTPS connection (1): dl.google.com:443
2024-10-29 13:24:43,827 DEBUG    urllib3.connectionpool https://dl.google.com:443 "GET /dl/cloudsdk/channels/rapid/components/google-cloud-sdk-gsutil-20241011151610.tar.gz HTTP/1.1" 200 11831021
2024-10-29 13:24:44,077 INFO     ___FILE_ONLY___ ═
2024-10-29 13:24:44,078 INFO     ___FILE_ONLY___ ═
2024-10-29 13:24:44,078 INFO     ___FILE_ONLY___ ═
2024-10-29 13:24:44,079 INFO     ___FILE_ONLY___ ═
2024-10-29 13:24:44,079 INFO     ___FILE_ONLY___ ═
2024-10-29 13:24:44,079 INFO     ___FILE_ONLY___ ═
2024-10-29 13:24:44,080 INFO     ___FILE_ONLY___ ═
2024-10-29 13:24:44,080 INFO     ___FILE_ONLY___ ═
2024-10-29 13:24:44,080 INFO     ___FILE_ONLY___ ═
2024-10-29 13:24:44,081 INFO     ___FILE_ONLY___ ═
2024-10-29 13:24:44,081 INFO     ___FILE_ONLY___ ═
2024-10-29 13:24:44,082 INFO     ___FILE_ONLY___ ═
2024-10-29 13:24:44,082 INFO     ___FILE_ONLY___ ═
2024-10-29 13:24:44,082 INFO     ___FILE_ONLY___ ═
2024-10-29 13:24:44,083 INFO     ___FILE_ONLY___ ═
2024-10-29 13:24:44,083 INFO     ___FILE_ONLY___ ═
2024-10-29 13:24:44,083 INFO     ___FILE_ONLY___ ═
2024-10-29 13:24:44,084 INFO     ___FILE_ONLY___ ═
2024-10-29 13:24:44,084 INFO     ___FILE_ONLY___ ═
2024-10-29 13:24:44,085 INFO     ___FILE_ONLY___ ═
2024-10-29 13:24:44,085 INFO     ___FILE_ONLY___ ═
2024-10-29 13:24:44,085 INFO     ___FILE_ONLY___ ═
2024-10-29 13:24:44,086 INFO     ___FILE_ONLY___ ═
2024-10-29 13:24:44,086 INFO     ___FILE_ONLY___ ═
2024-10-29 13:24:44,086 INFO     ___FILE_ONLY___ ═
2024-10-29 13:24:44,087 INFO     ___FILE_ONLY___ ═
2024-10-29 13:24:44,087 INFO     ___FILE_ONLY___ ═
2024-10-29 13:24:44,087 INFO     ___FILE_ONLY___ ═
2024-10-29 13:24:44,088 INFO     ___FILE_ONLY___ ═
2024-10-29 13:24:44,088 INFO     ___FILE_ONLY___ ═
2024-10-29 13:24:44,088 INFO     ___FILE_ONLY___ ═
2024-10-29 13:24:44,089 INFO     ___FILE_ONLY___ ═
2024-10-29 13:24:44,089 INFO     ___FILE_ONLY___ ═
2024-10-29 13:24:44,089 INFO     ___FILE_ONLY___ ═
2024-10-29 13:24:44,090 INFO     ___FILE_ONLY___ ═
2024-10-29 13:24:44,090 INFO     ___FILE_ONLY___ ═
2024-10-29 13:24:44,091 INFO     ___FILE_ONLY___ ═
2024-10-29 13:24:44,091 INFO     ___FILE_ONLY___ ═
2024-10-29 13:24:44,091 INFO     ___FILE_ONLY___ ═
2024-10-29 13:24:44,092 INFO     ___FILE_ONLY___ ═
2024-10-29 13:24:44,092 INFO     ___FILE_ONLY___ ═
2024-10-29 13:24:44,092 INFO     ___FILE_ONLY___ ═
2024-10-29 13:24:44,093 INFO     ___FILE_ONLY___ ═
2024-10-29 13:24:44,093 INFO     ___FILE_ONLY___ ═
2024-10-29 13:24:44,093 INFO     ___FILE_ONLY___ ═
2024-10-29 13:24:44,094 INFO     ___FILE_ONLY___ ═
2024-10-29 13:24:44,094 INFO     ___FILE_ONLY___ ═
2024-10-29 13:24:44,096 INFO     ___FILE_ONLY___ ═
2024-10-29 13:24:44,096 INFO     ___FILE_ONLY___ ═
2024-10-29 13:24:44,096 INFO     ___FILE_ONLY___ ═
2024-10-29 13:24:44,097 INFO     ___FILE_ONLY___ ═
2024-10-29 13:24:44,097 INFO     ___FILE_ONLY___ ═
2024-10-29 13:24:44,098 INFO     ___FILE_ONLY___ ═
2024-10-29 13:24:44,098 INFO     ___FILE_ONLY___ ═
2024-10-29 13:24:44,099 INFO     ___FILE_ONLY___ ═
2024-10-29 13:24:44,099 INFO     ___FILE_ONLY___ ═
2024-10-29 13:24:44,100 INFO     ___FILE_ONLY___ ═
2024-10-29 13:24:44,100 INFO     ___FILE_ONLY___ ═
2024-10-29 13:24:44,100 INFO     ___FILE_ONLY___ ═
2024-10-29 13:24:44,101 INFO     ___FILE_ONLY___ ═
2024-10-29 13:24:44,101 INFO     ___FILE_ONLY___ ╝

2024-10-29 13:24:44,103 INFO     ___FILE_ONLY___ ╔════════════════════════════════════════════════════════════╗

2024-10-29 13:24:44,103 INFO     ___FILE_ONLY___ ╠═ Downloading: Cloud Storage Command Line Tool (Platfor... ═╣

2024-10-29 13:24:44,103 INFO     ___FILE_ONLY___ ╚
2024-10-29 13:24:44,107 DEBUG    urllib3.connectionpool Starting new HTTPS connection (1): dl.google.com:443
2024-10-29 13:24:44,249 DEBUG    urllib3.connectionpool https://dl.google.com:443 "GET /dl/cloudsdk/channels/rapid/components/google-cloud-sdk-gsutil-nix-20240830134514.tar.gz HTTP/1.1" 200 1928
2024-10-29 13:24:44,250 INFO     ___FILE_ONLY___ ════════════════════════════════════════════════════════════
2024-10-29 13:24:44,250 INFO     ___FILE_ONLY___ ╝

2024-10-29 13:24:44,252 INFO     ___FILE_ONLY___ ╔════════════════════════════════════════════════════════════╗

2024-10-29 13:24:44,252 INFO     ___FILE_ONLY___ ╠═ Downloading: Default set of gcloud commands              ═╣

2024-10-29 13:24:44,252 INFO     ___FILE_ONLY___ ╚
2024-10-29 13:24:44,252 INFO     ___FILE_ONLY___ ════════════════════════════════════════════════════════════
2024-10-29 13:24:44,252 INFO     ___FILE_ONLY___ ╝

2024-10-29 13:24:44,254 INFO     ___FILE_ONLY___ ╔════════════════════════════════════════════════════════════╗

2024-10-29 13:24:44,254 INFO     ___FILE_ONLY___ ╠═ Downloading: Google Cloud CLI Core Libraries (Platfor... ═╣

2024-10-29 13:24:44,255 INFO     ___FILE_ONLY___ ╚
2024-10-29 13:24:44,258 DEBUG    urllib3.connectionpool Starting new HTTPS connection (1): dl.google.com:443
2024-10-29 13:24:44,330 DEBUG    urllib3.connectionpool https://dl.google.com:443 "GET /dl/cloudsdk/channels/rapid/components/google-cloud-sdk-core-nix-20240830134514.tar.gz HTTP/1.1" 200 2306
2024-10-29 13:24:44,331 INFO     ___FILE_ONLY___ ════════════════════════════════════════════════════════════
2024-10-29 13:24:44,331 INFO     ___FILE_ONLY___ ╝

2024-10-29 13:24:44,333 INFO     ___FILE_ONLY___ ╔════════════════════════════════════════════════════════════╗

2024-10-29 13:24:44,333 INFO     ___FILE_ONLY___ ╠═ Downloading: Google Cloud CRC32C Hash Tool               ═╣

2024-10-29 13:24:44,333 INFO     ___FILE_ONLY___ ╚
2024-10-29 13:24:44,333 INFO     ___FILE_ONLY___ ════════════════════════════════════════════════════════════
2024-10-29 13:24:44,333 INFO     ___FILE_ONLY___ ╝

2024-10-29 13:24:44,335 INFO     ___FILE_ONLY___ ╔════════════════════════════════════════════════════════════╗

2024-10-29 13:24:44,335 INFO     ___FILE_ONLY___ ╠═ Downloading: Google Cloud CRC32C Hash Tool (Platform ... ═╣

2024-10-29 13:24:44,335 INFO     ___FILE_ONLY___ ╚
2024-10-29 13:24:44,339 DEBUG    urllib3.connectionpool Starting new HTTPS connection (1): dl.google.com:443
2024-10-29 13:24:44,477 DEBUG    urllib3.connectionpool https://dl.google.com:443 "GET /dl/cloudsdk/channels/rapid/components/google-cloud-sdk-gcloud-crc32c-linux-x86_64-20240712142834.tar.gz HTTP/1.1" 200 1350263
2024-10-29 13:24:44,541 INFO     ___FILE_ONLY___ ═
2024-10-29 13:24:44,541 INFO     ___FILE_ONLY___ ═
2024-10-29 13:24:44,541 INFO     ___FILE_ONLY___ ═
2024-10-29 13:24:44,541 INFO     ___FILE_ONLY___ ═
2024-10-29 13:24:44,541 INFO     ___FILE_ONLY___ ═
2024-10-29 13:24:44,541 INFO     ___FILE_ONLY___ ═
2024-10-29 13:24:44,541 INFO     ___FILE_ONLY___ ═
2024-10-29 13:24:44,542 INFO     ___FILE_ONLY___ ═
2024-10-29 13:24:44,542 INFO     ___FILE_ONLY___ ═
2024-10-29 13:24:44,542 INFO     ___FILE_ONLY___ ═
2024-10-29 13:24:44,542 INFO     ___FILE_ONLY___ ═
2024-10-29 13:24:44,542 INFO     ___FILE_ONLY___ ═
2024-10-29 13:24:44,542 INFO     ___FILE_ONLY___ ═
2024-10-29 13:24:44,542 INFO     ___FILE_ONLY___ ═
2024-10-29 13:24:44,542 INFO     ___FILE_ONLY___ ═
2024-10-29 13:24:44,542 INFO     ___FILE_ONLY___ ═
2024-10-29 13:24:44,543 INFO     ___FILE_ONLY___ ═
2024-10-29 13:24:44,543 INFO     ___FILE_ONLY___ ═
2024-10-29 13:24:44,543 INFO     ___FILE_ONLY___ ═
2024-10-29 13:24:44,543 INFO     ___FILE_ONLY___ ═
2024-10-29 13:24:44,543 INFO     ___FILE_ONLY___ ═
2024-10-29 13:24:44,543 INFO     ___FILE_ONLY___ ═
2024-10-29 13:24:44,543 INFO     ___FILE_ONLY___ ═
2024-10-29 13:24:44,543 INFO     ___FILE_ONLY___ ═
2024-10-29 13:24:44,543 INFO     ___FILE_ONLY___ ═
2024-10-29 13:24:44,543 INFO     ___FILE_ONLY___ ═
2024-10-29 13:24:44,544 INFO     ___FILE_ONLY___ ═
2024-10-29 13:24:44,544 INFO     ___FILE_ONLY___ ═
2024-10-29 13:24:44,544 INFO     ___FILE_ONLY___ ═
2024-10-29 13:24:44,544 INFO     ___FILE_ONLY___ ═
2024-10-29 13:24:44,544 INFO     ___FILE_ONLY___ ═
2024-10-29 13:24:44,544 INFO     ___FILE_ONLY___ ═
2024-10-29 13:24:44,544 INFO     ___FILE_ONLY___ ═
2024-10-29 13:24:44,544 INFO     ___FILE_ONLY___ ═
2024-10-29 13:24:44,544 INFO     ___FILE_ONLY___ ═
2024-10-29 13:24:44,545 INFO     ___FILE_ONLY___ ═
2024-10-29 13:24:44,545 INFO     ___FILE_ONLY___ ═
2024-10-29 13:24:44,545 INFO     ___FILE_ONLY___ ═
2024-10-29 13:24:44,545 INFO     ___FILE_ONLY___ ═
2024-10-29 13:24:44,545 INFO     ___FILE_ONLY___ ═
2024-10-29 13:24:44,545 INFO     ___FILE_ONLY___ ═
2024-10-29 13:24:44,545 INFO     ___FILE_ONLY___ ═
2024-10-29 13:24:44,545 INFO     ___FILE_ONLY___ ═
2024-10-29 13:24:44,545 INFO     ___FILE_ONLY___ ═
2024-10-29 13:24:44,545 INFO     ___FILE_ONLY___ ═
2024-10-29 13:24:44,546 INFO     ___FILE_ONLY___ ═
2024-10-29 13:24:44,546 INFO     ___FILE_ONLY___ ═
2024-10-29 13:24:44,546 INFO     ___FILE_ONLY___ ═
2024-10-29 13:24:44,546 INFO     ___FILE_ONLY___ ═
2024-10-29 13:24:44,546 INFO     ___FILE_ONLY___ ═
2024-10-29 13:24:44,546 INFO     ___FILE_ONLY___ ═
2024-10-29 13:24:44,546 INFO     ___FILE_ONLY___ ═
2024-10-29 13:24:44,546 INFO     ___FILE_ONLY___ ═
2024-10-29 13:24:44,546 INFO     ___FILE_ONLY___ ═
2024-10-29 13:24:44,547 INFO     ___FILE_ONLY___ ═
2024-10-29 13:24:44,547 INFO     ___FILE_ONLY___ ═
2024-10-29 13:24:44,547 INFO     ___FILE_ONLY___ ═
2024-10-29 13:24:44,547 INFO     ___FILE_ONLY___ ═
2024-10-29 13:24:44,547 INFO     ___FILE_ONLY___ ═
2024-10-29 13:24:44,547 INFO     ___FILE_ONLY___ ═
2024-10-29 13:24:44,547 INFO     ___FILE_ONLY___ ╝

2024-10-29 13:24:44,549 INFO     ___FILE_ONLY___ ╔════════════════════════════════════════════════════════════╗

2024-10-29 13:24:44,550 INFO     ___FILE_ONLY___ ╠═ Downloading: gcloud cli dependencies (Platform Specific) ═╣

2024-10-29 13:24:44,550 INFO     ___FILE_ONLY___ ╚
2024-10-29 13:24:44,553 DEBUG    urllib3.connectionpool Starting new HTTPS connection (1): dl.google.com:443
2024-10-29 13:24:44,686 DEBUG    urllib3.connectionpool https://dl.google.com:443 "GET /dl/cloudsdk/channels/rapid/components/google-cloud-sdk-gcloud-deps-linux-x86_64-20210416153011.tar.gz HTTP/1.1" 200 104
2024-10-29 13:24:44,687 INFO     ___FILE_ONLY___ ════════════════════════════════════════════════════════════
2024-10-29 13:24:44,687 INFO     ___FILE_ONLY___ ╝

2024-10-29 13:24:44,689 INFO     ___FILE_ONLY___ ╔════════════════════════════════════════════════════════════╗

2024-10-29 13:24:44,690 INFO     ___FILE_ONLY___ ╠═ Installing: BigQuery Command Line Tool                   ═╣

2024-10-29 13:24:44,690 INFO     ___FILE_ONLY___ ╚
2024-10-29 13:24:44,823 INFO     ___FILE_ONLY___ ═
2024-10-29 13:24:44,826 INFO     ___FILE_ONLY___ ═
2024-10-29 13:24:44,829 INFO     ___FILE_ONLY___ ═
2024-10-29 13:24:44,832 INFO     ___FILE_ONLY___ ═
2024-10-29 13:24:44,835 INFO     ___FILE_ONLY___ ═
2024-10-29 13:24:44,838 INFO     ___FILE_ONLY___ ═
2024-10-29 13:24:44,840 INFO     ___FILE_ONLY___ ═
2024-10-29 13:24:44,843 INFO     ___FILE_ONLY___ ═
2024-10-29 13:24:44,846 INFO     ___FILE_ONLY___ ═
2024-10-29 13:24:44,848 INFO     ___FILE_ONLY___ ═
2024-10-29 13:24:44,850 INFO     ___FILE_ONLY___ ═
2024-10-29 13:24:44,853 INFO     ___FILE_ONLY___ ═
2024-10-29 13:24:44,855 INFO     ___FILE_ONLY___ ═
2024-10-29 13:24:44,858 INFO     ___FILE_ONLY___ ═
2024-10-29 13:24:44,860 INFO     ___FILE_ONLY___ ═
2024-10-29 13:24:44,863 INFO     ___FILE_ONLY___ ═
2024-10-29 13:24:44,865 INFO     ___FILE_ONLY___ ═
2024-10-29 13:24:44,869 INFO     ___FILE_ONLY___ ═
2024-10-29 13:24:44,872 INFO     ___FILE_ONLY___ ═
2024-10-29 13:24:44,875 INFO     ___FILE_ONLY___ ═
2024-10-29 13:24:44,877 INFO     ___FILE_ONLY___ ═
2024-10-29 13:24:44,880 INFO     ___FILE_ONLY___ ═
2024-10-29 13:24:44,882 INFO     ___FILE_ONLY___ ═
2024-10-29 13:24:44,884 INFO     ___FILE_ONLY___ ═
2024-10-29 13:24:44,887 INFO     ___FILE_ONLY___ ═
2024-10-29 13:24:44,889 INFO     ___FILE_ONLY___ ═
2024-10-29 13:24:44,891 INFO     ___FILE_ONLY___ ═
2024-10-29 13:24:44,894 INFO     ___FILE_ONLY___ ═
2024-10-29 13:24:44,898 INFO     ___FILE_ONLY___ ═
2024-10-29 13:24:44,900 INFO     ___FILE_ONLY___ ═
2024-10-29 13:24:44,903 INFO     ___FILE_ONLY___ ═
2024-10-29 13:24:44,906 INFO     ___FILE_ONLY___ ═
2024-10-29 13:24:44,909 INFO     ___FILE_ONLY___ ═
2024-10-29 13:24:44,913 INFO     ___FILE_ONLY___ ═
2024-10-29 13:24:44,922 INFO     ___FILE_ONLY___ ═
2024-10-29 13:24:44,924 INFO     ___FILE_ONLY___ ═
2024-10-29 13:24:44,927 INFO     ___FILE_ONLY___ ═
2024-10-29 13:24:44,932 INFO     ___FILE_ONLY___ ═
2024-10-29 13:24:44,934 INFO     ___FILE_ONLY___ ═
2024-10-29 13:24:44,937 INFO     ___FILE_ONLY___ ═
2024-10-29 13:24:44,939 INFO     ___FILE_ONLY___ ═
2024-10-29 13:24:44,942 INFO     ___FILE_ONLY___ ═
2024-10-29 13:24:44,947 INFO     ___FILE_ONLY___ ═
2024-10-29 13:24:44,950 INFO     ___FILE_ONLY___ ═
2024-10-29 13:24:44,952 INFO     ___FILE_ONLY___ ═
2024-10-29 13:24:44,954 INFO     ___FILE_ONLY___ ═
2024-10-29 13:24:44,956 INFO     ___FILE_ONLY___ ═
2024-10-29 13:24:44,959 INFO     ___FILE_ONLY___ ═
2024-10-29 13:24:44,961 INFO     ___FILE_ONLY___ ═
2024-10-29 13:24:44,964 INFO     ___FILE_ONLY___ ═
2024-10-29 13:24:44,966 INFO     ___FILE_ONLY___ ═
2024-10-29 13:24:44,968 INFO     ___FILE_ONLY___ ═
2024-10-29 13:24:44,970 INFO     ___FILE_ONLY___ ═
2024-10-29 13:24:44,973 INFO     ___FILE_ONLY___ ═
2024-10-29 13:24:44,976 INFO     ___FILE_ONLY___ ═
2024-10-29 13:24:44,978 INFO     ___FILE_ONLY___ ═
2024-10-29 13:24:44,980 INFO     ___FILE_ONLY___ ═
2024-10-29 13:24:44,982 INFO     ___FILE_ONLY___ ═
2024-10-29 13:24:44,984 INFO     ___FILE_ONLY___ ═
2024-10-29 13:24:44,987 INFO     ___FILE_ONLY___ ═
2024-10-29 13:24:44,987 INFO     ___FILE_ONLY___ ╝

2024-10-29 13:24:45,005 INFO     ___FILE_ONLY___ ╔════════════════════════════════════════════════════════════╗

2024-10-29 13:24:45,005 INFO     ___FILE_ONLY___ ╠═ Installing: BigQuery Command Line Tool (Platform Spec... ═╣

2024-10-29 13:24:45,005 INFO     ___FILE_ONLY___ ╚
2024-10-29 13:24:45,006 INFO     ___FILE_ONLY___ ════════════════════════════════════════════════════════════
2024-10-29 13:24:45,006 INFO     ___FILE_ONLY___ ╝

2024-10-29 13:24:45,014 INFO     ___FILE_ONLY___ ╔════════════════════════════════════════════════════════════╗

2024-10-29 13:24:45,014 INFO     ___FILE_ONLY___ ╠═ Installing: Bundled Python 3.11                          ═╣

2024-10-29 13:24:45,014 INFO     ___FILE_ONLY___ ╚
2024-10-29 13:24:45,020 INFO     ___FILE_ONLY___ ════════════════════════════════════════════════════════════
2024-10-29 13:24:45,020 INFO     ___FILE_ONLY___ ╝

2024-10-29 13:24:45,022 INFO     ___FILE_ONLY___ ╔════════════════════════════════════════════════════════════╗

2024-10-29 13:24:45,022 INFO     ___FILE_ONLY___ ╠═ Installing: Bundled Python 3.11 (Platform Specific)      ═╣

2024-10-29 13:24:45,022 INFO     ___FILE_ONLY___ ╚
2024-10-29 13:24:47,402 INFO     ___FILE_ONLY___ ═
2024-10-29 13:24:47,420 INFO     ___FILE_ONLY___ ═
2024-10-29 13:24:47,436 INFO     ___FILE_ONLY___ ═
2024-10-29 13:24:47,451 INFO     ___FILE_ONLY___ ═
2024-10-29 13:24:47,465 INFO     ___FILE_ONLY___ ═
2024-10-29 13:24:47,481 INFO     ___FILE_ONLY___ ═
2024-10-29 13:24:47,495 INFO     ___FILE_ONLY___ ═
2024-10-29 13:24:47,510 INFO     ___FILE_ONLY___ ═
2024-10-29 13:24:47,525 INFO     ___FILE_ONLY___ ═
2024-10-29 13:24:47,540 INFO     ___FILE_ONLY___ ═
2024-10-29 13:24:47,553 INFO     ___FILE_ONLY___ ═
2024-10-29 13:24:47,567 INFO     ___FILE_ONLY___ ═
2024-10-29 13:24:47,582 INFO     ___FILE_ONLY___ ═
2024-10-29 13:24:47,596 INFO     ___FILE_ONLY___ ═
2024-10-29 13:24:47,611 INFO     ___FILE_ONLY___ ═
2024-10-29 13:24:47,626 INFO     ___FILE_ONLY___ ═
2024-10-29 13:24:47,640 INFO     ___FILE_ONLY___ ═
2024-10-29 13:24:47,654 INFO     ___FILE_ONLY___ ═
2024-10-29 13:24:47,668 INFO     ___FILE_ONLY___ ═
2024-10-29 13:24:47,682 INFO     ___FILE_ONLY___ ═
2024-10-29 13:24:47,696 INFO     ___FILE_ONLY___ ═
2024-10-29 13:24:47,710 INFO     ___FILE_ONLY___ ═
2024-10-29 13:24:47,724 INFO     ___FILE_ONLY___ ═
2024-10-29 13:24:47,738 INFO     ___FILE_ONLY___ ═
2024-10-29 13:24:47,753 INFO     ___FILE_ONLY___ ═
2024-10-29 13:24:47,768 INFO     ___FILE_ONLY___ ═
2024-10-29 13:24:47,781 INFO     ___FILE_ONLY___ ═
2024-10-29 13:24:47,795 INFO     ___FILE_ONLY___ ═
2024-10-29 13:24:47,810 INFO     ___FILE_ONLY___ ═
2024-10-29 13:24:47,824 INFO     ___FILE_ONLY___ ═
2024-10-29 13:24:47,838 INFO     ___FILE_ONLY___ ═
2024-10-29 13:24:47,852 INFO     ___FILE_ONLY___ ═
2024-10-29 13:24:47,866 INFO     ___FILE_ONLY___ ═
2024-10-29 13:24:47,880 INFO     ___FILE_ONLY___ ═
2024-10-29 13:24:47,897 INFO     ___FILE_ONLY___ ═
2024-10-29 13:24:47,912 INFO     ___FILE_ONLY___ ═
2024-10-29 13:24:48,713 INFO     ___FILE_ONLY___ ═
2024-10-29 13:24:48,741 INFO     ___FILE_ONLY___ ═
2024-10-29 13:24:48,768 INFO     ___FILE_ONLY___ ═
2024-10-29 13:24:48,791 INFO     ___FILE_ONLY___ ═
2024-10-29 13:24:48,814 INFO     ___FILE_ONLY___ ═
2024-10-29 13:24:48,962 INFO     ___FILE_ONLY___ ═
2024-10-29 13:24:48,993 INFO     ___FILE_ONLY___ ═
2024-10-29 13:24:49,015 INFO     ___FILE_ONLY___ ═
2024-10-29 13:24:49,033 INFO     ___FILE_ONLY___ ═
2024-10-29 13:24:49,054 INFO     ___FILE_ONLY___ ═
2024-10-29 13:24:49,087 INFO     ___FILE_ONLY___ ═
2024-10-29 13:24:49,111 INFO     ___FILE_ONLY___ ═
2024-10-29 13:24:49,131 INFO     ___FILE_ONLY___ ═
2024-10-29 13:24:49,148 INFO     ___FILE_ONLY___ ═
2024-10-29 13:24:49,248 INFO     ___FILE_ONLY___ ═
2024-10-29 13:24:49,270 INFO     ___FILE_ONLY___ ═
2024-10-29 13:24:49,292 INFO     ___FILE_ONLY___ ═
2024-10-29 13:24:49,313 INFO     ___FILE_ONLY___ ═
2024-10-29 13:24:49,361 INFO     ___FILE_ONLY___ ═
2024-10-29 13:24:49,761 INFO     ___FILE_ONLY___ ═
2024-10-29 13:24:49,782 INFO     ___FILE_ONLY___ ═
2024-10-29 13:24:49,805 INFO     ___FILE_ONLY___ ═
2024-10-29 13:24:49,825 INFO     ___FILE_ONLY___ ═
2024-10-29 13:24:50,229 INFO     ___FILE_ONLY___ ═
2024-10-29 13:24:50,229 INFO     ___FILE_ONLY___ ╝

2024-10-29 13:24:50,349 INFO     ___FILE_ONLY___ ╔════════════════════════════════════════════════════════════╗

2024-10-29 13:24:50,349 INFO     ___FILE_ONLY___ ╠═ Installing: Cloud Storage Command Line Tool              ═╣

2024-10-29 13:24:50,349 INFO     ___FILE_ONLY___ ╚
2024-10-29 13:24:51,050 INFO     ___FILE_ONLY___ ═
2024-10-29 13:24:51,067 INFO     ___FILE_ONLY___ ═
2024-10-29 13:24:51,088 INFO     ___FILE_ONLY___ ═
2024-10-29 13:24:51,110 INFO     ___FILE_ONLY___ ═
2024-10-29 13:24:51,124 INFO     ___FILE_ONLY___ ═
2024-10-29 13:24:51,134 INFO     ___FILE_ONLY___ ═
2024-10-29 13:24:51,144 INFO     ___FILE_ONLY___ ═
2024-10-29 13:24:51,155 INFO     ___FILE_ONLY___ ═
2024-10-29 13:24:51,165 INFO     ___FILE_ONLY___ ═
2024-10-29 13:24:51,175 INFO     ___FILE_ONLY___ ═
2024-10-29 13:24:51,187 INFO     ___FILE_ONLY___ ═
2024-10-29 13:24:51,199 INFO     ___FILE_ONLY___ ═
2024-10-29 13:24:51,211 INFO     ___FILE_ONLY___ ═
2024-10-29 13:24:51,223 INFO     ___FILE_ONLY___ ═
2024-10-29 13:24:51,237 INFO     ___FILE_ONLY___ ═
2024-10-29 13:24:51,250 INFO     ___FILE_ONLY___ ═
2024-10-29 13:24:51,266 INFO     ___FILE_ONLY___ ═
2024-10-29 13:24:51,280 INFO     ___FILE_ONLY___ ═
2024-10-29 13:24:51,293 INFO     ___FILE_ONLY___ ═
2024-10-29 13:24:51,309 INFO     ___FILE_ONLY___ ═
2024-10-29 13:24:51,323 INFO     ___FILE_ONLY___ ═
2024-10-29 13:24:51,342 INFO     ___FILE_ONLY___ ═
2024-10-29 13:24:51,357 INFO     ___FILE_ONLY___ ═
2024-10-29 13:24:51,371 INFO     ___FILE_ONLY___ ═
2024-10-29 13:24:51,389 INFO     ___FILE_ONLY___ ═
2024-10-29 13:24:51,406 INFO     ___FILE_ONLY___ ═
2024-10-29 13:24:51,424 INFO     ___FILE_ONLY___ ═
2024-10-29 13:24:51,445 INFO     ___FILE_ONLY___ ═
2024-10-29 13:24:51,468 INFO     ___FILE_ONLY___ ═
2024-10-29 13:24:51,483 INFO     ___FILE_ONLY___ ═
2024-10-29 13:24:51,494 INFO     ___FILE_ONLY___ ═
2024-10-29 13:24:51,507 INFO     ___FILE_ONLY___ ═
2024-10-29 13:24:51,519 INFO     ___FILE_ONLY___ ═
2024-10-29 13:24:51,529 INFO     ___FILE_ONLY___ ═
2024-10-29 13:24:51,542 INFO     ___FILE_ONLY___ ═
2024-10-29 13:24:51,556 INFO     ___FILE_ONLY___ ═
2024-10-29 13:24:51,568 INFO     ___FILE_ONLY___ ═
2024-10-29 13:24:51,578 INFO     ___FILE_ONLY___ ═
2024-10-29 13:24:51,589 INFO     ___FILE_ONLY___ ═
2024-10-29 13:24:51,602 INFO     ___FILE_ONLY___ ═
2024-10-29 13:24:51,641 INFO     ___FILE_ONLY___ ═
2024-10-29 13:24:51,657 INFO     ___FILE_ONLY___ ═
2024-10-29 13:24:51,671 INFO     ___FILE_ONLY___ ═
2024-10-29 13:24:51,684 INFO     ___FILE_ONLY___ ═
2024-10-29 13:24:51,695 INFO     ___FILE_ONLY___ ═
2024-10-29 13:24:51,706 INFO     ___FILE_ONLY___ ═
2024-10-29 13:24:51,718 INFO     ___FILE_ONLY___ ═
2024-10-29 13:24:51,731 INFO     ___FILE_ONLY___ ═
2024-10-29 13:24:51,751 INFO     ___FILE_ONLY___ ═
2024-10-29 13:24:51,764 INFO     ___FILE_ONLY___ ═
2024-10-29 13:24:51,775 INFO     ___FILE_ONLY___ ═
2024-10-29 13:24:51,785 INFO     ___FILE_ONLY___ ═
2024-10-29 13:24:51,801 INFO     ___FILE_ONLY___ ═
2024-10-29 13:24:51,815 INFO     ___FILE_ONLY___ ═
2024-10-29 13:24:51,829 INFO     ___FILE_ONLY___ ═
2024-10-29 13:24:51,847 INFO     ___FILE_ONLY___ ═
2024-10-29 13:24:51,861 INFO     ___FILE_ONLY___ ═
2024-10-29 13:24:51,874 INFO     ___FILE_ONLY___ ═
2024-10-29 13:24:51,885 INFO     ___FILE_ONLY___ ═
2024-10-29 13:24:51,896 INFO     ___FILE_ONLY___ ═
2024-10-29 13:24:51,897 INFO     ___FILE_ONLY___ ╝

2024-10-29 13:24:51,976 INFO     ___FILE_ONLY___ ╔════════════════════════════════════════════════════════════╗

2024-10-29 13:24:51,976 INFO     ___FILE_ONLY___ ╠═ Installing: Cloud Storage Command Line Tool (Platform... ═╣

2024-10-29 13:24:51,976 INFO     ___FILE_ONLY___ ╚
2024-10-29 13:24:51,977 INFO     ___FILE_ONLY___ ════════════════════════════════════════════════════════════
2024-10-29 13:24:51,977 INFO     ___FILE_ONLY___ ╝

2024-10-29 13:24:51,985 INFO     ___FILE_ONLY___ ╔════════════════════════════════════════════════════════════╗

2024-10-29 13:24:51,985 INFO     ___FILE_ONLY___ ╠═ Installing: Default set of gcloud commands               ═╣

2024-10-29 13:24:51,985 INFO     ___FILE_ONLY___ ╚
2024-10-29 13:24:51,991 INFO     ___FILE_ONLY___ ════════════════════════════════════════════════════════════
2024-10-29 13:24:51,991 INFO     ___FILE_ONLY___ ╝

2024-10-29 13:24:51,993 INFO     ___FILE_ONLY___ ╔════════════════════════════════════════════════════════════╗

2024-10-29 13:24:51,994 INFO     ___FILE_ONLY___ ╠═ Installing: Google Cloud CLI Core Libraries (Platform... ═╣

2024-10-29 13:24:51,994 INFO     ___FILE_ONLY___ ╚
2024-10-29 13:24:51,995 INFO     ___FILE_ONLY___ ══════════════════════════════
2024-10-29 13:24:51,995 INFO     ___FILE_ONLY___ ══════════════════════════════
2024-10-29 13:24:51,995 INFO     ___FILE_ONLY___ ╝

2024-10-29 13:24:52,003 INFO     ___FILE_ONLY___ ╔════════════════════════════════════════════════════════════╗

2024-10-29 13:24:52,003 INFO     ___FILE_ONLY___ ╠═ Installing: Google Cloud CRC32C Hash Tool                ═╣

2024-10-29 13:24:52,003 INFO     ___FILE_ONLY___ ╚
2024-10-29 13:24:52,009 INFO     ___FILE_ONLY___ ════════════════════════════════════════════════════════════
2024-10-29 13:24:52,009 INFO     ___FILE_ONLY___ ╝

2024-10-29 13:24:52,011 INFO     ___FILE_ONLY___ ╔════════════════════════════════════════════════════════════╗

2024-10-29 13:24:52,011 INFO     ___FILE_ONLY___ ╠═ Installing: Google Cloud CRC32C Hash Tool (Platform S... ═╣

2024-10-29 13:24:52,011 INFO     ___FILE_ONLY___ ╚
2024-10-29 13:24:52,048 INFO     ___FILE_ONLY___ ══════════════════════════════
2024-10-29 13:24:52,049 INFO     ___FILE_ONLY___ ══════════════════════════════
2024-10-29 13:24:52,049 INFO     ___FILE_ONLY___ ╝

2024-10-29 13:24:52,057 INFO     ___FILE_ONLY___ ╔════════════════════════════════════════════════════════════╗

2024-10-29 13:24:52,058 INFO     ___FILE_ONLY___ ╠═ Installing: gcloud cli dependencies (Platform Specific)  ═╣

2024-10-29 13:24:52,058 INFO     ___FILE_ONLY___ ╚
2024-10-29 13:24:52,058 INFO     ___FILE_ONLY___ ════════════════════════════════════════════════════════════
2024-10-29 13:24:52,058 INFO     ___FILE_ONLY___ ╝

2024-10-29 13:24:52,068 DEBUG    root            Updating notification cache...
2024-10-29 13:24:52,069 INFO     ___FILE_ONLY___ 

2024-10-29 13:24:52,071 INFO     ___FILE_ONLY___ Performing post processing steps...
2024-10-29 13:24:52,071 DEBUG    root            Executing command: ['/tools/google-cloud-sdk/bin/gcloud', 'components', 'post-process']
2024-10-29 13:25:04,124 DEBUG    ___FILE_ONLY___ 
2024-10-29 13:25:04,124 DEBUG    ___FILE_ONLY___ 
2024-10-29 13:25:04,382 INFO     ___FILE_ONLY___ 
Update done!


2024-10-29 13:25:04,386 DEBUG    root            Chosen display Format:none
2024-10-29 13:25:04,387 INFO     root            Display format: "none"
