2024-10-29 13:25:05,014 DEBUG    root            Loaded Command Group: ['gcloud', 'components']
2024-10-29 13:25:05,017 DEBUG    root            Loaded Command Group: ['gcloud', 'components', 'update']
2024-10-29 13:25:05,020 DEBUG    root            Running [gcloud.components.update] with arguments: [--quiet: "True", COMPONENT-IDS:8: "['gcloud', 'core', 'bq', 'gsutil', 'compute', 'preview', 'alpha', 'beta']"]
2024-10-29 13:25:05,021 INFO     ___FILE_ONLY___ Beginning update. This process may take several minutes.

2024-10-29 13:25:05,031 DEBUG    urllib3.connectionpool Starting new HTTPS connection (1): dl.google.com:443
2024-10-29 13:25:05,168 DEBUG    urllib3.connectionpool https://dl.google.com:443 "GET /dl/cloudsdk/channels/rapid/components-2.json HTTP/1.1" 200 226997
2024-10-29 13:25:05,189 WARNING  root            Component [preview] no longer exists.
2024-10-29 13:25:05,190 WARNING  root            Component [compute] no longer exists.
2024-10-29 13:25:05,191 INFO     ___FILE_ONLY___ 

2024-10-29 13:25:05,191 INFO     ___FILE_ONLY___ 
Your current Google Cloud CLI version is: 498.0.0

2024-10-29 13:25:05,192 INFO     ___FILE_ONLY___ Installing components from version: 498.0.0

2024-10-29 13:25:05,192 INFO     ___FILE_ONLY___ 

2024-10-29 13:25:05,192 DEBUG    root            Chosen display Format:table[box,title="These components will be removed."](details.display_name:label=Name:align=left,version.version_string:label=Version:align=right,data.size.size(zero="",min=1048576):label=Size:align=right)
2024-10-29 13:25:05,193 DEBUG    root            Chosen display Format:table[box,title="These components will be updated."](details.display_name:label=Name:align=left,version.version_string:label=Version:align=right,data.size.size(zero="",min=1048576):label=Size:align=right)
2024-10-29 13:25:05,194 DEBUG    root            Chosen display Format:table[box,title="These components will be installed."](details.display_name:label=Name:align=left,version.version_string:label=Version:align=right,data.size.size(zero="",min=1048576):label=Size:align=right)
2024-10-29 13:25:05,214 INFO     ___FILE_ONLY___ ┌──────────────────────────────────────────────┐
2024-10-29 13:25:05,215 INFO     ___FILE_ONLY___ 

2024-10-29 13:25:05,215 INFO     ___FILE_ONLY___ │     These components will be installed.      │
2024-10-29 13:25:05,215 INFO     ___FILE_ONLY___ 

2024-10-29 13:25:05,215 INFO     ___FILE_ONLY___ ├───────────────────────┬────────────┬─────────┤
2024-10-29 13:25:05,215 INFO     ___FILE_ONLY___ 

2024-10-29 13:25:05,215 INFO     ___FILE_ONLY___ │          Name         │  Version   │   Size  │
2024-10-29 13:25:05,215 INFO     ___FILE_ONLY___ 

2024-10-29 13:25:05,215 INFO     ___FILE_ONLY___ ├───────────────────────┼────────────┼─────────┤
2024-10-29 13:25:05,215 INFO     ___FILE_ONLY___ 

2024-10-29 13:25:05,215 INFO     ___FILE_ONLY___ │ 
2024-10-29 13:25:05,216 INFO     ___FILE_ONLY___ gcloud Alpha Commands
2024-10-29 13:25:05,216 INFO     ___FILE_ONLY___  
2024-10-29 13:25:05,216 INFO     ___FILE_ONLY___ │ 
2024-10-29 13:25:05,216 INFO     ___FILE_ONLY___ 2024.10.18
2024-10-29 13:25:05,216 INFO     ___FILE_ONLY___  
2024-10-29 13:25:05,216 INFO     ___FILE_ONLY___ │ 
2024-10-29 13:25:05,216 INFO     ___FILE_ONLY___ < 1 MiB
2024-10-29 13:25:05,216 INFO     ___FILE_ONLY___  
2024-10-29 13:25:05,216 INFO     ___FILE_ONLY___ │
2024-10-29 13:25:05,216 INFO     ___FILE_ONLY___ 

2024-10-29 13:25:05,217 INFO     ___FILE_ONLY___ │ 
2024-10-29 13:25:05,217 INFO     ___FILE_ONLY___ gcloud Beta Commands 
2024-10-29 13:25:05,217 INFO     ___FILE_ONLY___  
2024-10-29 13:25:05,217 INFO     ___FILE_ONLY___ │ 
2024-10-29 13:25:05,217 INFO     ___FILE_ONLY___ 2024.10.18
2024-10-29 13:25:05,217 INFO     ___FILE_ONLY___  
2024-10-29 13:25:05,217 INFO     ___FILE_ONLY___ │ 
2024-10-29 13:25:05,217 INFO     ___FILE_ONLY___ < 1 MiB
2024-10-29 13:25:05,217 INFO     ___FILE_ONLY___  
2024-10-29 13:25:05,217 INFO     ___FILE_ONLY___ │
2024-10-29 13:25:05,218 INFO     ___FILE_ONLY___ 

2024-10-29 13:25:05,218 INFO     ___FILE_ONLY___ └───────────────────────┴────────────┴─────────┘
2024-10-29 13:25:05,218 INFO     ___FILE_ONLY___ 

2024-10-29 13:25:05,218 INFO     ___FILE_ONLY___ 

2024-10-29 13:25:05,221 DEBUG    urllib3.connectionpool Starting new HTTPS connection (1): dl.google.com:443
2024-10-29 13:25:05,374 DEBUG    urllib3.connectionpool https://dl.google.com:443 "GET /dl/cloudsdk/channels/rapid/RELEASE_NOTES HTTP/1.1" 200 1298799
2024-10-29 13:25:05,500 INFO     ___FILE_ONLY___ For the latest full release notes, please visit:
  https://cloud.google.com/sdk/release_notes


2024-10-29 13:25:05,500 INFO     ___FILE_ONLY___ Performing in place update...


2024-10-29 13:25:05,502 INFO     ___FILE_ONLY___ ╔════════════════════════════════════════════════════════════╗

2024-10-29 13:25:05,503 INFO     ___FILE_ONLY___ ╠═ Downloading: gcloud Alpha Commands                       ═╣

2024-10-29 13:25:05,503 INFO     ___FILE_ONLY___ ╚
2024-10-29 13:25:05,506 DEBUG    urllib3.connectionpool Starting new HTTPS connection (1): dl.google.com:443
2024-10-29 13:25:05,610 DEBUG    urllib3.connectionpool https://dl.google.com:443 "GET /dl/cloudsdk/channels/rapid/components/google-cloud-sdk-alpha-20241018161811.tar.gz HTTP/1.1" 200 800
2024-10-29 13:25:05,611 INFO     ___FILE_ONLY___ ════════════════════════════════════════════════════════════
2024-10-29 13:25:05,611 INFO     ___FILE_ONLY___ ╝

2024-10-29 13:25:05,613 INFO     ___FILE_ONLY___ ╔════════════════════════════════════════════════════════════╗

2024-10-29 13:25:05,613 INFO     ___FILE_ONLY___ ╠═ Downloading: gcloud Beta Commands                        ═╣

2024-10-29 13:25:05,614 INFO     ___FILE_ONLY___ ╚
2024-10-29 13:25:05,617 DEBUG    urllib3.connectionpool Starting new HTTPS connection (1): dl.google.com:443
2024-10-29 13:25:05,754 DEBUG    urllib3.connectionpool https://dl.google.com:443 "GET /dl/cloudsdk/channels/rapid/components/google-cloud-sdk-beta-20241018161811.tar.gz HTTP/1.1" 200 797
2024-10-29 13:25:05,755 INFO     ___FILE_ONLY___ ════════════════════════════════════════════════════════════
2024-10-29 13:25:05,755 INFO     ___FILE_ONLY___ ╝

2024-10-29 13:25:05,758 INFO     ___FILE_ONLY___ ╔════════════════════════════════════════════════════════════╗

2024-10-29 13:25:05,758 INFO     ___FILE_ONLY___ ╠═ Installing: gcloud Alpha Commands                        ═╣

2024-10-29 13:25:05,758 INFO     ___FILE_ONLY___ ╚
2024-10-29 13:25:05,759 INFO     ___FILE_ONLY___ ════════════════════════════════════════════════════════════
2024-10-29 13:25:05,759 INFO     ___FILE_ONLY___ ╝

2024-10-29 13:25:05,769 INFO     ___FILE_ONLY___ ╔════════════════════════════════════════════════════════════╗

2024-10-29 13:25:05,769 INFO     ___FILE_ONLY___ ╠═ Installing: gcloud Beta Commands                         ═╣

2024-10-29 13:25:05,769 INFO     ___FILE_ONLY___ ╚
2024-10-29 13:25:05,770 INFO     ___FILE_ONLY___ ════════════════════════════════════════════════════════════
2024-10-29 13:25:05,770 INFO     ___FILE_ONLY___ ╝

2024-10-29 13:25:05,781 DEBUG    root            Updating notification cache...
2024-10-29 13:25:05,781 INFO     ___FILE_ONLY___ 

2024-10-29 13:25:05,784 INFO     ___FILE_ONLY___ Performing post processing steps...
2024-10-29 13:25:05,784 DEBUG    root            Executing command: ['/tools/google-cloud-sdk/bin/gcloud', 'components', 'post-process']
2024-10-29 13:25:17,794 DEBUG    ___FILE_ONLY___ 
2024-10-29 13:25:17,794 DEBUG    ___FILE_ONLY___ 
2024-10-29 13:25:17,809 INFO     ___FILE_ONLY___ 
Update done!


2024-10-29 13:25:17,813 DEBUG    root            Chosen display Format:none
2024-10-29 13:25:17,813 INFO     root            Display format: "none"
